2021-09-29 21:15:15,738:DEBUG:Starting new HTTPS connection (1): www.ebay.com:443
2021-09-29 21:15:15,981:DEBUG:https://www.ebay.com:443 "GET /sch/i.html?_from=R40&_nkw=xm4&_sacat=0&_sop=1&LH_%0A%20%20%20%20ItemCondition=1500%7C2000%7C2500%7C3000%7C1000&rt=nc&LH_BO=1 HTTP/1.1" 200 None
2021-09-29 21:15:16,724:WARNING:200
True
2021-09-29 21:15:16,731:WARNING:new file created
2021-09-29 21:15:16,732:DEBUG:DATA WRITTEN TO FILE
2021-09-29 21:20:08,078:DEBUG:Starting new HTTPS connection (1): www.ebay.com:443
2021-09-29 21:20:08,351:DEBUG:https://www.ebay.com:443 "GET /sch/i.html?_from=R40&_nkw=xm4&_sacat=0&_sop=1&LH_%0A%20%20%20%20ItemCondition=1500%7C2000%7C2500%7C3000%7C1000&rt=nc&LH_BO=1 HTTP/1.1" 200 None
2021-09-29 21:20:09,196:WARNING:200
True
2021-09-29 21:20:09,209:WARNING:new file created
2021-09-29 21:20:09,210:DEBUG:DATA ALREADY ENTERED
2021-09-29 21:22:13,763:DEBUG:Starting new HTTPS connection (1): www.ebay.com:443
2021-09-29 21:22:13,989:DEBUG:https://www.ebay.com:443 "GET /sch/i.html?_from=R40&_nkw=xm4&_sacat=0&_sop=1&LH_%0A%20%20%20%20ItemCondition=1500%7C2000%7C2500%7C3000%7C1000&rt=nc&LH_BO=1 HTTP/1.1" 200 None
2021-09-29 21:22:14,712:WARNING:200
True
2021-09-29 21:22:14,713:WARNING:FILE ALREADY EXISTS
2021-09-29 21:22:14,714:DEBUG:DATA ALREADY ENTERED
2021-09-29 21:33:05,524:DEBUG:Starting new HTTPS connection (1): www.ebay.com:443
2021-09-29 21:33:05,861:DEBUG:https://www.ebay.com:443 "GET /sch/i.html?_from=R40&_nkw=xm4&_sacat=0&_sop=1&LH_%0A%20%20%20%20ItemCondition=1500%7C2000%7C2500%7C3000%7C1000&rt=nc&LH_BO=1 HTTP/1.1" 200 None
2021-09-29 21:33:06,572:DEBUG:True
2021-09-29 21:33:06,574:WARNING:FILE ALREADY EXISTS
2021-09-29 21:33:06,577:DEBUG:DATA ALREADY ENTERED
2021-09-30 13:12:30,857:DEBUG:Starting new HTTPS connection (1): www.ebay.com:443
2021-09-30 13:12:31,142:DEBUG:https://www.ebay.com:443 "GET /sch/i.html?_from=R40&_nkw=xm4&_sacat=0&_sop=1&LH_%0A%20%20%20%20ItemCondition=1500%7C2000%7C2500%7C3000%7C1000&rt=nc&LH_BO=1 HTTP/1.1" 200 None
2021-09-30 13:12:32,178:DEBUG:200 True
2021-09-30 13:12:32,187:WARNING:FILE ALREADY EXISTS
2021-09-30 13:12:32,188:DEBUG:DATA WRITTEN TO FILE
2021-09-30 13:13:44,322:DEBUG:Starting new HTTPS connection (1): www.ebay.com:443
2021-09-30 13:13:44,534:DEBUG:https://www.ebay.com:443 "GET /sch/i.html?_from=R40&_nkw=xm4&_sacat=0&_sop=1&LH_%0A%20%20%20%20ItemCondition=1500%7C2000%7C2500%7C3000%7C1000&rt=nc&LH_BO=1 HTTP/1.1" 200 None
2021-09-30 13:13:45,217:DEBUG:200 True
2021-09-30 13:13:45,229:WARNING:FILE ALREADY EXISTS
2021-09-30 13:13:45,229:DEBUG:DATA ALREADY ENTERED
